2026-05-15T21:23:13.047243711Z	=== Xcode Cloud: ci_post_clone.sh ===
2026-05-15T21:23:13.047499086Z	Installing Flutter 3.41.6...
2026-05-15T21:23:13.047870588Z	Cloning into 'flutter_sdk'...
2026-05-15T21:23:17.087069706Z	Updating files:  30% (4660/15361)
2026-05-15T21:23:17.088847722Z	Updating files:  31% (4762/15361)
2026-05-15T21:23:17.089420150Z	Updating files:  32% (4916/15361)
2026-05-15T21:23:17.089683658Z	Updating files:  33% (5070/15361)
2026-05-15T21:23:17.090229848Z	Updating files:  34% (5223/15361)
2026-05-15T21:23:17.090505735Z	Updating files:  35% (5377/15361)
2026-05-15T21:23:17.090819165Z	Updating files:  36% (5530/15361)
2026-05-15T21:23:17.091253889Z	Updating files:  37% (5684/15361)
2026-05-15T21:23:17.091355397Z	Updating files:  38% (5838/15361)
2026-05-15T21:23:17.091536373Z	Updating files:  39% (5991/15361)
2026-05-15T21:23:17.092625195Z	Updating files:  40% (6145/15361)
2026-05-15T21:23:17.092896460Z	Updating files:  41% (6299/15361)
2026-05-15T21:23:17.093088645Z	Updating files:  42% (6452/15361)
2026-05-15T21:23:17.093336547Z	Updating files:  43% (6606/15361)
2026-05-15T21:23:17.093570616Z	Updating files:  44% (6759/15361)
2026-05-15T21:23:17.093731845Z	Updating files:  45% (6913/15361)
2026-05-15T21:23:17.093891874Z	Updating files:  46% (7067/15361)
2026-05-15T21:23:17.103884835Z	Updating files:  47% (7220/15361)
2026-05-15T21:23:17.169021772Z	Updating files:  48% (7374/15361)
2026-05-15T21:23:17.177289781Z	Updating files:  49% (7527/15361)
2026-05-15T21:23:17.211384481Z	Updating files:  50% (7681/15361)
2026-05-15T21:23:17.245463493Z	Updating files:  51% (7835/15361)
2026-05-15T21:23:17.279953337Z	Updating files:  52% (7988/15361)
2026-05-15T21:23:17.315230920Z	Updating files:  53% (8142/15361)
2026-05-15T21:23:17.349713882Z	Updating files:  54% (8295/15361)
2026-05-15T21:23:17.383912311Z	Updating files:  55% (8449/15361)
2026-05-15T21:23:17.418545111Z	Updating files:  56% (8603/15361)
2026-05-15T21:23:17.488391005Z	Updating files:  57% (8756/15361)
2026-05-15T21:23:17.524054118Z	Updating files:  58% (8910/15361)
2026-05-15T21:23:17.542404250Z	Updating files:  58% (8971/15361)
2026-05-15T21:23:17.560047979Z	Updating files:  59% (9063/15361)
2026-05-15T21:23:17.626853240Z	Updating files:  60% (9217/15361)
2026-05-15T21:23:17.627064051Z	Updating files:  61% (9371/15361)
2026-05-15T21:23:17.696837825Z	Updating files:  62% (9524/15361)
2026-05-15T21:23:17.731938340Z	Updating files:  63% (9678/15361)
2026-05-15T21:23:17.797945117Z	Updating files:  64% (9832/15361)
2026-05-15T21:23:17.816214218Z	Updating files:  65% (9985/15361)
2026-05-15T21:23:17.850328385Z	Updating files:  66% (10139/15361)
2026-05-15T21:23:17.918297173Z	Updating files:  67% (10292/15361)
2026-05-15T21:23:17.936820363Z	Updating files:  68% (10446/15361)
2026-05-15T21:23:18.003397844Z	Updating files:  69% (10600/15361)
2026-05-15T21:23:18.021195148Z	Updating files:  70% (10753/15361)
2026-05-15T21:23:18.057734445Z	Updating files:  71% (10907/15361)
2026-05-15T21:23:18.093012723Z	Updating files:  72% (11060/15361)
2026-05-15T21:23:18.127109172Z	Updating files:  73% (11214/15361)
2026-05-15T21:23:18.195346968Z	Updating files:  74% (11368/15361)
2026-05-15T21:23:18.203926356Z	Updating files:  75% (11521/15361)
2026-05-15T21:23:18.271211621Z	Updating files:  76% (11675/15361)
2026-05-15T21:23:18.407355075Z	Updating files:  77% (11828/15361)
2026-05-15T21:23:18.426033756Z	Updating files:  78% (11982/15361)
2026-05-15T21:23:18.494108033Z	Updating files:  79% (12136/15361)
2026-05-15T21:23:18.592408764Z	Updating files:  80% (12289/15361)
2026-05-15T21:23:18.592650561Z	Updating files:  80% (12319/15361)
2026-05-15T21:23:18.592988349Z	Updating files:  81% (12443/15361)
2026-05-15T21:23:18.648989664Z	Updating files:  82% (12597/15361)
2026-05-15T21:23:18.657813987Z	Updating files:  83% (12750/15361)
2026-05-15T21:23:18.726456438Z	Updating files:  84% (12904/15361)
2026-05-15T21:23:18.745477603Z	Updating files:  85% (13057/15361)
2026-05-15T21:23:18.779556138Z	Updating files:  86% (13211/15361)
2026-05-15T21:23:18.848337287Z	Updating files:  87% (13365/15361)
2026-05-15T21:23:18.985705812Z	Updating files:  88% (13518/15361)
2026-05-15T21:23:18.986033757Z	Updating files:  89% (13672/15361)
2026-05-15T21:23:19.018121246Z	Updating files:  90% (13825/15361)
2026-05-15T21:23:19.052551139Z	Updating files:  91% (13979/15361)
2026-05-15T21:23:19.086856708Z	Updating files:  92% (14133/15361)
2026-05-15T21:23:19.123476108Z	Updating files:  93% (14286/15361)
2026-05-15T21:23:19.156420748Z	Updating files:  94% (14440/15361)
2026-05-15T21:23:19.189979492Z	Updating files:  95% (14593/15361)
2026-05-15T21:23:19.223705494Z	Updating files:  96% (14747/15361)
2026-05-15T21:23:19.292249302Z	Updating files:  97% (14901/15361)
2026-05-15T21:23:19.300342294Z	Updating files:  98% (15054/15361)
2026-05-15T21:23:19.334165741Z	Updating files:  99% (15208/15361)
2026-05-15T21:23:19.368797517Z	Updating files: 100% (15361/15361)
2026-05-15T21:23:19.369394457Z	Updating files: 100% (15361/15361), done.
2026-05-15T21:23:19.406380854Z	Precaching Flutter iOS artifacts...
2026-05-15T21:23:20.442896328Z	Downloading Darwin x64 Dart SDK from Flutter engine 42d3d75a56efe1a2e9902f52dc8006099c45d937...
2026-05-15T21:23:20.443642361Z	  % Total    % Received % Xferd  Average Speed   Time    Time     Time  Current
2026-05-15T21:23:20.443787177Z	                                 Dload  Upload   Total   Spent    Left  Speed
2026-05-15T21:23:20.443979164Z	
2026-05-15T21:23:20.705902116Z	  0     0    0     0    0     0      0      0 --:--:-- --:--:-- --:--:--     0
2026-05-15T21:23:21.739291521Z	  0  204M    0  8259    0     0  27181      0  2:11:34 --:--:--  2:11:34 27167
2026-05-15T21:23:22.770608269Z	 19  204M   19 40.6M    0     0  33.9M      0  0:00:06  0:00:01  0:00:05 33.9M
2026-05-15T21:23:23.799243340Z	 48  204M   48  100M    0     0  45.5M      0  0:00:04  0:00:02  0:00:02 45.5M
2026-05-15T21:23:24.836319860Z	 77  204M   77  159M    0     0  49.7M      0  0:00:04  0:00:03  0:00:01 49.7M
2026-05-15T21:23:24.836850040Z	 96  204M   96  198M    0     0  47.2M      0  0:00:04  0:00:04 --:--:-- 47.2M
2026-05-15T21:23:24.836965820Z	100  204M  100  204M    0     0  46.4M      0  0:00:04  0:00:04 --:--:-- 49.9M
2026-05-15T21:23:31.883129354Z	Building flutter tool...
2026-05-15T21:23:31.918940584Z	Resolving dependencies...
2026-05-15T21:23:33.956385930Z	Downloading packages...
2026-05-15T21:23:38.997843693Z	Got dependencies.
2026-05-15T21:24:01.077762374Z	Downloading Material fonts...                                      423ms
2026-05-15T21:24:01.602557039Z	Downloading Gradle Wrapper...                                       75ms
2026-05-15T21:24:05.639248458Z	Downloading ios tools...                                            4.0s
2026-05-15T21:24:12.722755623Z	Downloading ios-profile tools...                                 2,997ms
2026-05-15T21:24:22.831322862Z	Downloading ios-release tools...                                    5.8s
2026-05-15T21:24:31.403877559Z	Downloading package sky_engine...                                  600ms
2026-05-15T21:24:32.441418011Z	Downloading package flutter_gpu...                                  36ms
2026-05-15T21:24:32.441627667Z	Downloading flutter_patched_sdk tools...                           175ms
2026-05-15T21:24:33.224309993Z	Downloading flutter_patched_sdk_product tools...                   546ms
2026-05-15T21:24:35.780585631Z	Downloading darwin-x64 tools...                                  1,492ms
2026-05-15T21:24:37.815966490Z	Downloading libimobiledevice...                                     41ms
2026-05-15T21:24:37.816265838Z	Downloading libusbmuxd...                                           34ms
2026-05-15T21:24:37.816662458Z	Downloading libplist...                                            133ms
2026-05-15T21:24:37.816765432Z	Downloading openssl...                                             133ms
2026-05-15T21:24:38.080094493Z	Downloading libimobiledeviceglue...                                 40ms
2026-05-15T21:24:38.159756628Z	Downloading ios-deploy...                                           50ms
2026-05-15T21:24:38.489868015Z	Downloading darwin-x64/font-subset tools...                        120ms
2026-05-15T21:24:39.013172871Z	Flutter version:
2026-05-15T21:24:39.280422443Z	Flutter 3.41.9 • channel stable • http://github.com/flutter/flutter.git
2026-05-15T21:24:39.280868148Z	Framework • revision 00b0c91f06 (2 weeks ago) • 2026-04-29 10:03:19 -0700
2026-05-15T21:24:39.282202787Z	Engine • hash 9161402dc0e134b3fb5adee5046b6e84b1a5e1c1 (revision 42d3d75a56) (17 days ago) • 2026-04-28 17:31:55.000Z
2026-05-15T21:24:39.282347467Z	Tools • Dart 3.11.5 • DevTools 2.54.2
2026-05-15T21:24:39.282705703Z	Running flutter pub get...
2026-05-15T21:24:39.797378832Z	Resolving dependencies...
2026-05-15T21:24:45.836254997Z	Downloading packages...
2026-05-15T21:25:13.905560252Z	  _fe_analyzer_shared 67.0.0 (100.0.0 available)
2026-05-15T21:25:13.905975608Z	  _flutterfire_internals 1.3.66 (1.3.71 available)
2026-05-15T21:25:13.906237431Z	  analyzer 6.4.1 (13.0.0 available)
2026-05-15T21:25:13.906311040Z	  archive 4.0.7 (4.0.9 available)
2026-05-15T21:25:13.907031094Z	  async 2.13.0 (2.13.1 available)
2026-05-15T21:25:13.907201060Z	  audio_session 0.1.25 (0.2.3 available)
2026-05-15T21:25:13.907267534Z	  build 2.4.1 (4.0.6 available)
2026-05-15T21:25:13.907565483Z	> characters 1.4.1 (was 1.4.0)
2026-05-15T21:25:13.907655903Z	  cli_util 0.4.2 (0.5.1 available)
2026-05-15T21:25:13.907826580Z	  connectivity_plus 6.1.5 (7.1.1 available)
2026-05-15T21:25:13.907906625Z	  connectivity_plus_platform_interface 2.0.1 (2.1.0 available)
2026-05-15T21:25:13.908030812Z	  dart_style 2.3.6 (3.1.9 available)
2026-05-15T21:25:13.908120474Z	  device_info_plus 12.3.0 (13.1.0 available)
2026-05-15T21:25:13.910427796Z	  device_info_plus_platform_interface 7.0.3 (8.1.0 available)
2026-05-15T21:25:13.910573736Z	  dio 5.9.1 (5.9.2 available)
2026-05-15T21:25:13.910803506Z	  dio_web_adapter 2.1.1 (2.1.2 available)
2026-05-15T21:25:13.910876964Z	  firebase_auth 6.1.4 (6.5.1 available)
2026-05-15T21:25:13.911147764Z	  firebase_auth_platform_interface 8.1.6 (9.0.1 available)
2026-05-15T21:25:13.911434202Z	  firebase_auth_web 6.1.2 (6.2.1 available)
2026-05-15T21:25:13.911539264Z	  firebase_core 4.4.0 (4.9.0 available)
2026-05-15T21:25:13.911620781Z	  firebase_core_platform_interface 6.0.2 (7.0.1 available)
2026-05-15T21:25:13.911821485Z	  firebase_core_web 3.4.0 (3.7.0 available)
2026-05-15T21:25:13.911990385Z	  firebase_crashlytics 5.0.7 (5.2.2 available)
2026-05-15T21:25:13.912102910Z	  firebase_crashlytics_platform_interface 3.8.17 (3.8.22 available)
2026-05-15T21:25:13.912265242Z	  firebase_messaging 16.1.1 (16.2.2 available)
2026-05-15T21:25:13.912359456Z	  firebase_messaging_platform_interface 4.7.6 (4.7.11 available)
2026-05-15T21:25:13.912563069Z	  firebase_messaging_web 4.1.2 (4.1.7 available)
2026-05-15T21:25:13.912757745Z	  flutter_chrome_cast 1.4.1 (1.4.6 available)
2026-05-15T21:25:13.912925992Z	  flutter_custom_tabs 2.4.1 (2.5.0 available)
2026-05-15T21:25:13.913004875Z	  flutter_custom_tabs_android 2.3.1 (2.4.0 available)
2026-05-15T21:25:13.913162133Z	  flutter_custom_tabs_ios 2.4.1 (2.5.0 available)
2026-05-15T21:25:13.913265158Z	  flutter_custom_tabs_platform_interface 2.3.0 (2.4.0 available)
2026-05-15T21:25:13.913645159Z	  flutter_custom_tabs_web 2.3.0 (2.4.0 available)
2026-05-15T21:25:13.913805024Z	  flutter_dotenv 6.0.0 (6.0.1 available)
2026-05-15T21:25:13.913972996Z	  flutter_local_notifications 19.5.0 (21.0.0 available)
2026-05-15T21:25:13.914055328Z	  flutter_local_notifications_linux 6.0.0 (8.0.0 available)
2026-05-15T21:25:13.914360285Z	  flutter_local_notifications_platform_interface 9.1.0 (11.0.0 available)
2026-05-15T21:25:13.914541096Z	  flutter_local_notifications_windows 1.0.3 (3.0.0 available)
2026-05-15T21:25:13.914722484Z	  flutter_plugin_android_lifecycle 2.0.33 (2.0.34 available)
2026-05-15T21:25:13.914901134Z	  flutter_secure_storage 9.2.4 (10.2.0 available)
2026-05-15T21:25:13.915043625Z	  flutter_secure_storage_linux 1.2.3 (3.0.0 available)
2026-05-15T21:25:13.915114425Z	  flutter_secure_storage_macos 3.1.3 (4.0.0 available)
2026-05-15T21:25:13.915236359Z	  flutter_secure_storage_platform_interface 1.1.2 (2.0.1 available)
2026-05-15T21:25:13.915327727Z	  flutter_secure_storage_web 1.2.1 (2.1.1 available)
2026-05-15T21:25:13.915529820Z	  flutter_secure_storage_windows 3.1.2 (4.2.1 available)
2026-05-15T21:25:13.915657253Z	  flutter_stripe 12.2.0 (12.6.0 available)
2026-05-15T21:25:13.915795188Z	  flutter_svg 2.2.3 (2.3.0 available)
2026-05-15T21:25:13.915879960Z	  fluttertoast 8.2.14 (9.0.0 available)
2026-05-15T21:25:13.916015249Z	  get_it 9.2.0 (9.2.1 available)
2026-05-15T21:25:13.916089677Z	  google_mobile_ads 7.0.0 (8.0.0 available)
2026-05-15T21:25:13.916231308Z	  google_sign_in_android 7.2.7 (7.2.10 available)
2026-05-15T21:25:13.916314287Z	  google_sign_in_ios 6.2.5 (6.3.0 available)
2026-05-15T21:25:13.916485187Z	  google_sign_in_web 1.1.0 (1.1.3 available)
2026-05-15T21:25:13.916711719Z	  image 4.7.2 (4.8.0 available)
2026-05-15T21:25:13.916796063Z	  image_picker 1.2.1 (1.2.2 available)
2026-05-15T21:25:13.916984575Z	  image_picker_android 0.8.13+13 (0.8.13+17 available)
2026-05-15T21:25:13.917176948Z	  image_picker_ios 0.8.13+3 (0.8.13+6 available)
2026-05-15T21:25:13.917269380Z	  js 0.6.7 (0.7.2 available)
2026-05-15T21:25:13.917351788Z	  json_annotation 4.10.0 (4.12.0 available)
2026-05-15T21:25:13.917407769Z	  just_audio 0.9.46 (0.10.5 available)
2026-05-15T21:25:13.917440018Z	  lottie 3.3.2 (3.3.3 available)
2026-05-15T21:25:13.917509819Z	> matcher 0.12.19 (was 0.12.17) (0.12.20 available)
2026-05-15T21:25:13.917544729Z	> material_color_utilities 0.13.0 (was 0.11.1)
2026-05-15T21:25:13.917657617Z	> meta 1.17.0 (was 1.16.0) (1.18.2 available)
2026-05-15T21:25:13.917755532Z	  mobile_scanner 7.1.4 (7.2.0 available)
2026-05-15T21:25:13.918008853Z	  nb_utils 7.1.8 (7.2.0 available)
2026-05-15T21:25:13.918106330Z	  package_info_plus 9.0.0 (10.1.0 available)
2026-05-15T21:25:13.918259937Z	  package_info_plus_platform_interface 3.2.1 (4.1.0 available)
2026-05-15T21:25:13.918381353Z	  path_provider_android 2.2.22 (2.3.1 available)
2026-05-15T21:25:13.918551054Z	  path_provider_foundation 2.5.1 (2.6.0 available)
2026-05-15T21:25:13.918660237Z	  petitparser 7.0.1 (7.0.2 available)
2026-05-15T21:25:13.918788788Z	  playx_core 0.7.4 (1.0.0 available)
2026-05-15T21:25:13.918981736Z	  playx_network 0.6.0 (1.0.0 available)
2026-05-15T21:25:13.919084689Z	  playx_version_update 1.0.1 (1.1.0 available)
2026-05-15T21:25:13.919266114Z	  pointycastle 3.9.1 (4.0.0 available)
2026-05-15T21:25:13.919464116Z	  posix 6.0.3 (6.5.0 available)
2026-05-15T21:25:13.919622008Z	  purchases_flutter 9.11.0 (10.1.0 available)
2026-05-15T21:25:13.919869176Z	  razorpay_flutter 1.4.1 (1.4.5 available)
2026-05-15T21:25:13.919975911Z	  sentry 9.12.0 (9.20.0 available)
2026-05-15T21:25:13.920092282Z	  sentry_dio 9.12.0 (9.20.0 available)
2026-05-15T21:25:13.920202758Z	  share_plus 12.0.1 (13.1.0 available)
2026-05-15T21:25:13.920336121Z	  share_plus_platform_interface 6.1.0 (7.1.0 available)
2026-05-15T21:25:13.920410686Z	  shared_preferences 2.5.4 (2.5.5 available)
2026-05-15T21:25:13.920525958Z	  shared_preferences_android 2.4.20 (2.4.23 available)
2026-05-15T21:25:13.920742408Z	  shared_preferences_platform_interface 2.4.1 (2.4.2 available)
2026-05-15T21:25:13.920991155Z	  source_gen 1.5.0 (4.2.3 available)
2026-05-15T21:25:13.921091524Z	  source_helper 1.3.5 (1.3.12 available)
2026-05-15T21:25:13.921215309Z	  sqflite 2.4.2 (2.4.2+1 available)
2026-05-15T21:25:13.921384525Z	  sqflite_android 2.4.2+2 (2.4.2+3 available)
2026-05-15T21:25:13.921460320Z	  sqflite_common 2.5.6 (2.5.7 available)
2026-05-15T21:25:13.921516240Z	  stripe_android 12.2.0 (12.6.0 available)
2026-05-15T21:25:13.921561728Z	  stripe_ios 12.2.0 (12.6.0 available)
2026-05-15T21:25:13.921636451Z	  stripe_platform_interface 12.2.0 (12.6.0 available)
2026-05-15T21:25:13.921689277Z	  subtitle 0.1.4 (0.2.0 available)
2026-05-15T21:25:13.921800469Z	  synchronized 3.4.0 (3.4.0+1 available)
2026-05-15T21:25:13.921948471Z	  talker 5.1.13 (5.1.17 available)
2026-05-15T21:25:13.922196033Z	  talker_dio_logger 5.1.13 (5.1.17 available)
2026-05-15T21:25:13.922488482Z	  talker_logger 5.1.13 (5.1.17 available)
2026-05-15T21:25:13.922573302Z	> test_api 0.7.10 (was 0.7.6) (0.7.12 available)
2026-05-15T21:25:13.922774930Z	  timezone 0.10.1 (0.11.0 available)
2026-05-15T21:25:13.922880173Z	  universal_html 2.2.5 (2.3.0 available)
2026-05-15T21:25:13.923030223Z	  universal_io 2.2.3 (2.3.1 available)
2026-05-15T21:25:13.923110473Z	  url_launcher_android 6.3.28 (6.3.29 available)
2026-05-15T21:25:13.923213779Z	  url_launcher_ios 6.3.6 (6.4.1 available)
2026-05-15T21:25:13.923284912Z	  url_launcher_web 2.4.1 (2.4.3 available)
2026-05-15T21:25:13.923341699Z	  uuid 4.5.2 (4.5.3 available)
2026-05-15T21:25:13.923425861Z	  vector_graphics 1.1.19 (1.2.1 available)
2026-05-15T21:25:13.923502558Z	  vector_graphics_compiler 1.1.20 (1.2.2 available)
2026-05-15T21:25:13.923639573Z	  vector_math 2.2.0 (2.3.0 available)
2026-05-15T21:25:13.923722241Z	  video_player 2.10.1 (2.11.1 available)
2026-05-15T21:25:13.923863963Z	  video_player_android 2.9.1 (2.9.5 available)
2026-05-15T21:25:13.924055283Z	  video_player_avfoundation 2.8.9 (2.9.6 available)
2026-05-15T21:25:13.924131465Z	  video_player_platform_interface 6.6.0 (6.7.0 available)
2026-05-15T21:25:13.924288725Z	  vm_service 15.0.2 (15.2.0 available)
2026-05-15T21:25:13.924365775Z	  wakelock_plus 1.4.0 (1.6.0 available)
2026-05-15T21:25:13.924441294Z	  wakelock_plus_platform_interface 1.3.0 (1.5.1 available)
2026-05-15T21:25:13.924501079Z	  webview_flutter_android 4.10.11 (4.12.0 available)
2026-05-15T21:25:13.924677450Z	  webview_flutter_platform_interface 2.14.0 (2.15.1 available)
2026-05-15T21:25:13.924767876Z	  webview_flutter_wkwebview 3.23.6 (3.25.1 available)
2026-05-15T21:25:13.924933621Z	  win32 5.15.0 (6.2.0 available)
2026-05-15T21:25:13.925013195Z	  win32_registry 2.1.0 (3.0.3 available)
2026-05-15T21:25:13.925126551Z	  worker_manager 7.2.7 (7.2.9 available)
2026-05-15T21:25:13.925221031Z	  xml 6.6.1 (7.0.1 available)
2026-05-15T21:25:13.925369310Z	  youtube_explode_dart 2.5.3 (3.1.0 available)
2026-05-15T21:25:13.925444513Z	Changed 5 dependencies!
2026-05-15T21:25:13.925546457Z	122 packages have newer versions incompatible with dependency constraints.
2026-05-15T21:25:13.925617097Z	Try `flutter pub outdated` for more information.
2026-05-15T21:25:14.940225005Z	Installing CocoaPods dependencies...
2026-05-15T21:25:19.983889148Z	Updating local specs repositories
2026-05-15T21:25:19.984129250Z	Adding spec repo `trunk` with CDN `https://cdn.cocoapods.org/`
2026-05-15T21:25:19.984461820Z	Analyzing dependencies
2026-05-15T21:25:19.984543824Z	firebase_auth: Using Firebase SDK version '12.8.0' defined in 'firebase_core'
2026-05-15T21:25:19.984767138Z	firebase_core: Using Firebase SDK version '12.8.0' defined in 'firebase_core'
2026-05-15T21:25:23.024394331Z	Ignoring ffi-1.17.2 because its extensions are not built. Try: gem pristine ffi --version 1.17.2
2026-05-15T21:25:23.024585740Z	firebase_crashlytics: Using Firebase SDK version '12.8.0' defined in 'firebase_core'
2026-05-15T21:25:23.024862318Z	firebase_messaging: Using Firebase SDK version '12.8.0' defined in 'firebase_core'
2026-05-15T21:25:23.613092863Z	mkdir -p .cache/xcframeworks
2026-05-15T21:25:23.613311663Z	rm -f .cache/xcframeworks/*.tmp .cache/xcframeworks/*-ios-universal.tar.gz
2026-05-15T21:25:23.613562789Z	curl -L \
2026-05-15T21:25:23.613676336Z			https://github.com/media-kit/libmpv-darwin-build/releases/download/v0.6.0/libmpv-xcframeworks_v0.6.0_ios-universal-video-default.tar.gz \
2026-05-15T21:25:23.613827711Z			-o .cache/xcframeworks/libmpv.tar.gz.tmp
2026-05-15T21:25:23.613901749Z	  % Total    % Received % Xferd  Average Speed   Time    Time     Time  Current
2026-05-15T21:25:23.614035264Z	                                 Dload  Upload   Total   Spent    Left  Speed
2026-05-15T21:25:23.614075276Z	
2026-05-15T21:25:23.879300739Z	  0     0    0     0    0     0      0      0 --:--:-- --:--:-- --:--:--     0
2026-05-15T21:25:23.880121674Z	  0     0    0     0    0     0      0      0 --:--:-- --:--:-- --:--:--     0
2026-05-15T21:25:24.137455668Z	
2026-05-15T21:25:24.137666150Z	100 18.8M  100 18.8M    0     0  39.5M      0 --:--:-- --:--:-- --:--:-- 39.5M
2026-05-15T21:25:24.143244015Z	shasum -a 256 -c <<< 'a95bc18508af26136b8a408341c05b5585d644ec013f00ac07db09d2e28d36ae  .cache/xcframeworks/libmpv.tar.gz.tmp'
2026-05-15T21:25:24.271848292Z	.cache/xcframeworks/libmpv.tar.gz.tmp: OK
2026-05-15T21:25:24.272219488Z	mv .cache/xcframeworks/libmpv.tar.gz.tmp .cache/xcframeworks/libmpv-xcframeworks-v0.6.0-ios-universal.tar.gz
2026-05-15T21:25:24.272544943Z	touch .cache/xcframeworks/libmpv-xcframeworks-v0.6.0-ios-universal.tar.gz
2026-05-15T21:25:24.272612992Z	rm -f .cache/xcframeworks/libmpv-xcframeworks-ios-universal.tar.gz
2026-05-15T21:25:24.272744206Z	ln -s libmpv-xcframeworks-v0.6.0-ios-universal.tar.gz .cache/xcframeworks/libmpv-xcframeworks-ios-universal.tar.gz
2026-05-15T21:25:24.272791723Z	mkdir -p Frameworks
2026-05-15T21:25:24.273031239Z	rm -rf Frameworks/*.xcframework
2026-05-15T21:25:24.290448108Z	tar -xvf .cache/xcframeworks/libmpv-xcframeworks-ios-universal.tar.gz --strip-components 1 -C Frameworks
2026-05-15T21:25:24.293377189Z	x Mbedx509.xcframework/
2026-05-15T21:25:24.293735193Z	x Freetype.xcframework/
2026-05-15T21:25:24.293799895Z	x Avformat.xcframework/
2026-05-15T21:25:24.294197492Z	x Fribidi.xcframework/
2026-05-15T21:25:24.294584649Z	x Mbedtls.xcframework/
2026-05-15T21:25:24.294710285Z	x Uchardet.xcframework/
2026-05-15T21:25:24.294898422Z	x Png16.xcframework/
2026-05-15T21:25:24.294950095Z	x Dav1d.xcframework/
2026-05-15T21:25:24.295202283Z	x Mbedcrypto.xcframework/
2026-05-15T21:25:24.295287014Z	x Harfbuzz.xcframework/
2026-05-15T21:25:24.295529283Z	x Swresample.xcframework/
2026-05-15T21:25:24.295645069Z	x Avfilter.xcframework/
2026-05-15T21:25:24.295976038Z	x Avutil.xcframework/
2026-05-15T21:25:24.296068428Z	x Swscale.xcframework/
2026-05-15T21:25:24.296234927Z	x Xml2.xcframework/
2026-05-15T21:25:24.296302670Z	x Avcodec.xcframework/
2026-05-15T21:25:24.296546240Z	x Ass.xcframework/
2026-05-15T21:25:24.296627685Z	x Mpv.xcframework/
2026-05-15T21:25:24.296760759Z	x Mpv.xcframework/ios-arm64_x86_64-simulator/
2026-05-15T21:25:24.296799248Z	x Mpv.xcframework/ios-arm64/
2026-05-15T21:25:24.296853759Z	x Mpv.xcframework/Info.plist
2026-05-15T21:25:24.296881094Z	x Mpv.xcframework/ios-arm64/Mpv.framework/
2026-05-15T21:25:24.304499931Z	x Mpv.xcframework/ios-arm64/Mpv.framework/Mpv
2026-05-15T21:25:24.304654465Z	x Mpv.xcframework/ios-arm64/Mpv.framework/Info.plist
2026-05-15T21:25:24.304903306Z	x Mpv.xcframework/ios-arm64_x86_64-simulator/Mpv.framework/
2026-05-15T21:25:24.321537341Z	x Mpv.xcframework/ios-arm64_x86_64-simulator/Mpv.framework/Mpv
2026-05-15T21:25:24.321736391Z	x Mpv.xcframework/ios-arm64_x86_64-simulator/Mpv.framework/Info.plist
2026-05-15T21:25:24.322051725Z	x Ass.xcframework/ios-arm64_x86_64-simulator/
2026-05-15T21:25:24.322124773Z	x Ass.xcframework/ios-arm64/
2026-05-15T21:25:24.322391405Z	x Ass.xcframework/Info.plist
2026-05-15T21:25:24.322456030Z	x Ass.xcframework/ios-arm64/Ass.framework/
2026-05-15T21:25:24.322785816Z	x Ass.xcframework/ios-arm64/Ass.framework/Ass
2026-05-15T21:25:24.322879833Z	x Ass.xcframework/ios-arm64/Ass.framework/Info.plist
2026-05-15T21:25:24.322923843Z	x Ass.xcframework/ios-arm64_x86_64-simulator/Ass.framework/
2026-05-15T21:25:24.323067715Z	x Ass.xcframework/ios-arm64_x86_64-simulator/Ass.framework/Ass
2026-05-15T21:25:24.323147221Z	x Ass.xcframework/ios-arm64_x86_64-simulator/Ass.framework/Info.plist
2026-05-15T21:25:24.323291592Z	x Avcodec.xcframework/ios-arm64_x86_64-simulator/
2026-05-15T21:25:24.323327787Z	x Avcodec.xcframework/ios-arm64/
2026-05-15T21:25:24.323389618Z	x Avcodec.xcframework/Info.plist
2026-05-15T21:25:24.323422964Z	x Avcodec.xcframework/ios-arm64/Avcodec.framework/
2026-05-15T21:25:24.338466084Z	x Avcodec.xcframework/ios-arm64/Avcodec.framework/Avcodec
2026-05-15T21:25:24.338673122Z	x Avcodec.xcframework/ios-arm64/Avcodec.framework/Info.plist
2026-05-15T21:25:24.339128871Z	x Avcodec.xcframework/ios-arm64_x86_64-simulator/Avcodec.framework/
2026-05-15T21:25:24.375494544Z	x Avcodec.xcframework/ios-arm64_x86_64-simulator/Avcodec.framework/Avcodec
2026-05-15T21:25:24.375699594Z	x Avcodec.xcframework/ios-arm64_x86_64-simulator/Avcodec.framework/Info.plist
2026-05-15T21:25:24.376162595Z	x Xml2.xcframework/ios-arm64_x86_64-simulator/
2026-05-15T21:25:24.376236320Z	x Xml2.xcframework/ios-arm64/
2026-05-15T21:25:24.376381889Z	x Xml2.xcframework/Info.plist
2026-05-15T21:25:24.376485904Z	x Xml2.xcframework/ios-arm64/Xml2.framework/
2026-05-15T21:25:24.376859025Z	x Xml2.xcframework/ios-arm64/Xml2.framework/Xml2
2026-05-15T21:25:24.376940600Z	x Xml2.xcframework/ios-arm64/Xml2.framework/Info.plist
2026-05-15T21:25:24.377226499Z	x Xml2.xcframework/ios-arm64_x86_64-simulator/Xml2.framework/
2026-05-15T21:25:24.379015161Z	x Xml2.xcframework/ios-arm64_x86_64-simulator/Xml2.framework/Xml2
2026-05-15T21:25:24.379077697Z	x Xml2.xcframework/ios-arm64_x86_64-simulator/Xml2.framework/Info.plist
2026-05-15T21:25:24.379348486Z	x Swscale.xcframework/ios-arm64_x86_64-simulator/
2026-05-15T21:25:24.379425624Z	x Swscale.xcframework/ios-arm64/
2026-05-15T21:25:24.379637600Z	x Swscale.xcframework/Info.plist
2026-05-15T21:25:24.379701497Z	x Swscale.xcframework/ios-arm64/Swscale.framework/
2026-05-15T21:25:24.387622997Z	x Swscale.xcframework/ios-arm64/Swscale.framework/Swscale
2026-05-15T21:25:24.387735546Z	x Swscale.xcframework/ios-arm64/Swscale.framework/Info.plist
2026-05-15T21:25:24.387983728Z	x Swscale.xcframework/ios-arm64_x86_64-simulator/Swscale.framework/
2026-05-15T21:25:24.388079956Z	x Swscale.xcframework/ios-arm64_x86_64-simulator/Swscale.framework/Swscale
2026-05-15T21:25:24.388260333Z	x Swscale.xcframework/ios-arm64_x86_64-simulator/Swscale.framework/Info.plist
2026-05-15T21:25:24.388481861Z	x Avutil.xcframework/ios-arm64_x86_64-simulator/
2026-05-15T21:25:24.388675556Z	x Avutil.xcframework/ios-arm64/
2026-05-15T21:25:24.388768673Z	x Avutil.xcframework/Info.plist
2026-05-15T21:25:24.388888881Z	x Avutil.xcframework/ios-arm64/Avutil.framework/
2026-05-15T21:25:24.395092249Z	x Avutil.xcframework/ios-arm64/Avutil.framework/Avutil
2026-05-15T21:25:24.395183982Z	x Avutil.xcframework/ios-arm64/Avutil.framework/Info.plist
2026-05-15T21:25:24.395335034Z	x Avutil.xcframework/ios-arm64_x86_64-simulator/Avutil.framework/
2026-05-15T21:25:24.395376511Z	x Avutil.xcframework/ios-arm64_x86_64-simulator/Avutil.framework/Avutil
2026-05-15T21:25:24.395492355Z	x Avutil.xcframework/ios-arm64_x86_64-simulator/Avutil.framework/Info.plist
2026-05-15T21:25:24.395541979Z	x Avfilter.xcframework/ios-arm64_x86_64-simulator/
2026-05-15T21:25:24.395572967Z	x Avfilter.xcframework/ios-arm64/
2026-05-15T21:25:24.395660Z	x Avfilter.xcframework/Info.plist
2026-05-15T21:25:24.395748868Z	x Avfilter.xcframework/ios-arm64/Avfilter.framework/
2026-05-15T21:25:24.395822277Z	x Avfilter.xcframework/ios-arm64/Avfilter.framework/Avfilter
2026-05-15T21:25:24.395861884Z	x Avfilter.xcframework/ios-arm64/Avfilter.framework/Info.plist
2026-05-15T21:25:24.395948839Z	x Avfilter.xcframework/ios-arm64_x86_64-simulator/Avfilter.framework/
2026-05-15T21:25:24.395984817Z	x Avfilter.xcframework/ios-arm64_x86_64-simulator/Avfilter.framework/Avfilter
2026-05-15T21:25:24.396150270Z	x Avfilter.xcframework/ios-arm64_x86_64-simulator/Avfilter.framework/Info.plist
2026-05-15T21:25:24.396204081Z	x Swresample.xcframework/ios-arm64_x86_64-simulator/
2026-05-15T21:25:24.396286219Z	x Swresample.xcframework/ios-arm64/
2026-05-15T21:25:24.399035811Z	x Swresample.xcframework/Info.plist
2026-05-15T21:25:24.399113773Z	x Swresample.xcframework/ios-arm64/Swresample.framework/
2026-05-15T21:25:24.399314618Z	x Swresample.xcframework/ios-arm64/Swresample.framework/Swresample
2026-05-15T21:25:24.399377833Z	x Swresample.xcframework/ios-arm64/Swresample.framework/Info.plist
2026-05-15T21:25:24.399528461Z	x Swresample.xcframework/ios-arm64_x86_64-simulator/Swresample.framework/
2026-05-15T21:25:24.399584946Z	x Swresample.xcframework/ios-arm64_x86_64-simulator/Swresample.framework/Swresample
2026-05-15T21:25:24.399684423Z	x Swresample.xcframework/ios-arm64_x86_64-simulator/Swresample.framework/Info.plist
2026-05-15T21:25:24.399729513Z	x Harfbuzz.xcframework/ios-arm64_x86_64-simulator/
2026-05-15T21:25:24.399954460Z	x Harfbuzz.xcframework/ios-arm64/
2026-05-15T21:25:24.400020444Z	x Harfbuzz.xcframework/Info.plist
2026-05-15T21:25:24.400116256Z	x Harfbuzz.xcframework/ios-arm64/Harfbuzz.framework/
2026-05-15T21:25:24.417889429Z	x Harfbuzz.xcframework/ios-arm64/Harfbuzz.framework/Harfbuzz
2026-05-15T21:25:24.418015855Z	x Harfbuzz.xcframework/ios-arm64/Harfbuzz.framework/Info.plist
2026-05-15T21:25:24.418251269Z	x Harfbuzz.xcframework/ios-arm64_x86_64-simulator/Harfbuzz.framework/
2026-05-15T21:25:24.454301069Z	x Harfbuzz.xcframework/ios-arm64_x86_64-simulator/Harfbuzz.framework/Harfbuzz
2026-05-15T21:25:24.454502203Z	x Harfbuzz.xcframework/ios-arm64_x86_64-simulator/Harfbuzz.framework/Info.plist
2026-05-15T21:25:24.454755528Z	x Mbedcrypto.xcframework/ios-arm64_x86_64-simulator/
2026-05-15T21:25:24.454794195Z	x Mbedcrypto.xcframework/ios-arm64/
2026-05-15T21:25:24.454922718Z	x Mbedcrypto.xcframework/Info.plist
2026-05-15T21:25:24.454981672Z	x Mbedcrypto.xcframework/ios-arm64/Mbedcrypto.framework/
2026-05-15T21:25:24.455232434Z	x Mbedcrypto.xcframework/ios-arm64/Mbedcrypto.framework/Mbedcrypto
2026-05-15T21:25:24.455311448Z	x Mbedcrypto.xcframework/ios-arm64/Mbedcrypto.framework/Info.plist
2026-05-15T21:25:24.455499469Z	x Mbedcrypto.xcframework/ios-arm64_x86_64-simulator/Mbedcrypto.framework/
2026-05-15T21:25:24.455593805Z	x Mbedcrypto.xcframework/ios-arm64_x86_64-simulator/Mbedcrypto.framework/Mbedcrypto
2026-05-15T21:25:24.455846819Z	x Mbedcrypto.xcframework/ios-arm64_x86_64-simulator/Mbedcrypto.framework/Info.plist
2026-05-15T21:25:24.455909978Z	x Dav1d.xcframework/ios-arm64_x86_64-simulator/
2026-05-15T21:25:24.456039481Z	x Dav1d.xcframework/ios-arm64/
2026-05-15T21:25:24.456086172Z	x Dav1d.xcframework/Info.plist
2026-05-15T21:25:24.456261185Z	x Dav1d.xcframework/ios-arm64/Dav1d.framework/
2026-05-15T21:25:24.456341361Z	x Dav1d.xcframework/ios-arm64/Dav1d.framework/Dav1d
2026-05-15T21:25:24.456429490Z	x Dav1d.xcframework/ios-arm64/Dav1d.framework/Info.plist
2026-05-15T21:25:24.456477903Z	x Dav1d.xcframework/ios-arm64_x86_64-simulator/Dav1d.framework/
2026-05-15T21:25:24.457243127Z	x Dav1d.xcframework/ios-arm64_x86_64-simulator/Dav1d.framework/Dav1d
2026-05-15T21:25:24.457318855Z	x Dav1d.xcframework/ios-arm64_x86_64-simulator/Dav1d.framework/Info.plist
2026-05-15T21:25:24.458450601Z	x Png16.xcframework/ios-arm64_x86_64-simulator/
2026-05-15T21:25:24.458551147Z	x Png16.xcframework/ios-arm64/
2026-05-15T21:25:24.458830463Z	x Png16.xcframework/Info.plist
2026-05-15T21:25:24.458961160Z	x Png16.xcframework/ios-arm64/Png16.framework/
2026-05-15T21:25:24.459648155Z	x Png16.xcframework/ios-arm64/Png16.framework/Png16
2026-05-15T21:25:24.459942756Z	x Png16.xcframework/ios-arm64/Png16.framework/Info.plist
2026-05-15T21:25:24.460073988Z	x Png16.xcframework/ios-arm64_x86_64-simulator/Png16.framework/
2026-05-15T21:25:24.463608943Z	x Png16.xcframework/ios-arm64_x86_64-simulator/Png16.framework/Png16
2026-05-15T21:25:24.463782471Z	x Png16.xcframework/ios-arm64_x86_64-simulator/Png16.framework/Info.plist
2026-05-15T21:25:24.463997073Z	x Uchardet.xcframework/ios-arm64_x86_64-simulator/
2026-05-15T21:25:24.464036579Z	x Uchardet.xcframework/ios-arm64/
2026-05-15T21:25:24.464113594Z	x Uchardet.xcframework/Info.plist
2026-05-15T21:25:24.464182483Z	x Uchardet.xcframework/ios-arm64/Uchardet.framework/
2026-05-15T21:25:24.464933889Z	x Uchardet.xcframework/ios-arm64/Uchardet.framework/Uchardet
2026-05-15T21:25:24.464999803Z	x Uchardet.xcframework/ios-arm64/Uchardet.framework/Info.plist
2026-05-15T21:25:24.465199268Z	x Uchardet.xcframework/ios-arm64_x86_64-simulator/Uchardet.framework/
2026-05-15T21:25:24.468990377Z	x Uchardet.xcframework/ios-arm64_x86_64-simulator/Uchardet.framework/Uchardet
2026-05-15T21:25:24.469069041Z	x Uchardet.xcframework/ios-arm64_x86_64-simulator/Uchardet.framework/Info.plist
2026-05-15T21:25:24.469270840Z	x Mbedtls.xcframework/ios-arm64_x86_64-simulator/
2026-05-15T21:25:24.469336501Z	x Mbedtls.xcframework/ios-arm64/
2026-05-15T21:25:24.469526201Z	x Mbedtls.xcframework/Info.plist
2026-05-15T21:25:24.469583030Z	x Mbedtls.xcframework/ios-arm64/Mbedtls.framework/
2026-05-15T21:25:24.470132680Z	x Mbedtls.xcframework/ios-arm64/Mbedtls.framework/Mbedtls
2026-05-15T21:25:24.470234490Z	x Mbedtls.xcframework/ios-arm64/Mbedtls.framework/Info.plist
2026-05-15T21:25:24.470330356Z	x Mbedtls.xcframework/ios-arm64_x86_64-simulator/Mbedtls.framework/
2026-05-15T21:25:24.474253008Z	x Mbedtls.xcframework/ios-arm64_x86_64-simulator/Mbedtls.framework/Mbedtls
2026-05-15T21:25:24.474401141Z	x Mbedtls.xcframework/ios-arm64_x86_64-simulator/Mbedtls.framework/Info.plist
2026-05-15T21:25:24.474544172Z	x Fribidi.xcframework/ios-arm64_x86_64-simulator/
2026-05-15T21:25:24.474641174Z	x Fribidi.xcframework/ios-arm64/
2026-05-15T21:25:24.474784983Z	x Fribidi.xcframework/Info.plist
2026-05-15T21:25:24.474843617Z	x Fribidi.xcframework/ios-arm64/Fribidi.framework/
2026-05-15T21:25:24.475397556Z	x Fribidi.xcframework/ios-arm64/Fribidi.framework/Fribidi
2026-05-15T21:25:24.475494681Z	x Fribidi.xcframework/ios-arm64/Fribidi.framework/Info.plist
2026-05-15T21:25:24.475707689Z	x Fribidi.xcframework/ios-arm64_x86_64-simulator/Fribidi.framework/
2026-05-15T21:25:24.476742405Z	x Fribidi.xcframework/ios-arm64_x86_64-simulator/Fribidi.framework/Fribidi
2026-05-15T21:25:24.476826929Z	x Fribidi.xcframework/ios-arm64_x86_64-simulator/Fribidi.framework/Info.plist
2026-05-15T21:25:24.478093585Z	x Avformat.xcframework/ios-arm64_x86_64-simulator/
2026-05-15T21:25:24.478182453Z	x Avformat.xcframework/ios-arm64/
2026-05-15T21:25:24.478320276Z	x Avformat.xcframework/Info.plist
2026-05-15T21:25:24.478379774Z	x Avformat.xcframework/ios-arm64/Avformat.framework/
2026-05-15T21:25:24.487290674Z	x Avformat.xcframework/ios-arm64/Avformat.framework/Avformat
2026-05-15T21:25:24.487413460Z	x Avformat.xcframework/ios-arm64/Avformat.framework/Info.plist
2026-05-15T21:25:24.487741631Z	x Avformat.xcframework/ios-arm64_x86_64-simulator/Avformat.framework/
2026-05-15T21:25:24.491070646Z	x Avformat.xcframework/ios-arm64_x86_64-simulator/Avformat.framework/Avformat
2026-05-15T21:25:24.491196714Z	x Avformat.xcframework/ios-arm64_x86_64-simulator/Avformat.framework/Info.plist
2026-05-15T21:25:24.491464216Z	x Freetype.xcframework/ios-arm64_x86_64-simulator/
2026-05-15T21:25:24.491534572Z	x Freetype.xcframework/ios-arm64/
2026-05-15T21:25:24.492133095Z	x Freetype.xcframework/Info.plist
2026-05-15T21:25:24.492371848Z	x Freetype.xcframework/ios-arm64/Freetype.framework/
2026-05-15T21:25:24.496116411Z	x Freetype.xcframework/ios-arm64/Freetype.framework/Freetype
2026-05-15T21:25:24.496222974Z	x Freetype.xcframework/ios-arm64/Freetype.framework/Info.plist
2026-05-15T21:25:24.496366394Z	x Freetype.xcframework/ios-arm64_x86_64-simulator/Freetype.framework/
2026-05-15T21:25:24.505415773Z	x Freetype.xcframework/ios-arm64_x86_64-simulator/Freetype.framework/Freetype
2026-05-15T21:25:24.505548089Z	x Freetype.xcframework/ios-arm64_x86_64-simulator/Freetype.framework/Info.plist
2026-05-15T21:25:24.505769210Z	x Mbedx509.xcframework/ios-arm64_x86_64-simulator/
2026-05-15T21:25:24.505831526Z	x Mbedx509.xcframework/ios-arm64/
2026-05-15T21:25:24.506315390Z	x Mbedx509.xcframework/Info.plist
2026-05-15T21:25:24.506388624Z	x Mbedx509.xcframework/ios-arm64/Mbedx509.framework/
2026-05-15T21:25:24.506540233Z	x Mbedx509.xcframework/ios-arm64/Mbedx509.framework/Mbedx509
2026-05-15T21:25:24.507585981Z	x Mbedx509.xcframework/ios-arm64/Mbedx509.framework/Info.plist
2026-05-15T21:25:24.507727741Z	x Mbedx509.xcframework/ios-arm64_x86_64-simulator/Mbedx509.framework/
2026-05-15T21:25:24.508729542Z	x Mbedx509.xcframework/ios-arm64_x86_64-simulator/Mbedx509.framework/Mbedx509
2026-05-15T21:25:24.508808909Z	x Mbedx509.xcframework/ios-arm64_x86_64-simulator/Mbedx509.framework/Info.plist
2026-05-15T21:25:24.517742356Z	touch Frameworks/*.xcframework
2026-05-15T21:25:24.536294827Z	rm -rf Frameworks/.symlinks
2026-05-15T21:25:24.536414202Z	mkdir -p Frameworks/.symlinks/mpv
2026-05-15T21:25:24.536685650Z	sed -i '' 's/\r$//g' create_framework_symlinks.sh # remove CRLF line terminator added by Flutter packaging (https://github.com/media-kit/media-kit/issues/338)
2026-05-15T21:25:24.555023814Z	sh create_framework_symlinks.sh Frameworks/Mpv.xcframework Frameworks/.symlinks/mpv
2026-05-15T21:25:24.688871830Z	mkdir -p .cache/headers
2026-05-15T21:25:24.689003702Z	rm -f .cache/headers/*.tmp .cache/headers/*.tar.gz
2026-05-15T21:25:24.689334766Z	curl -L \
2026-05-15T21:25:24.689426880Z			https://github.com/mpv-player/mpv/archive/refs/tags/v0.36.0.tar.gz \
2026-05-15T21:25:24.689698465Z			-o .cache/headers/mpv.tar.gz.tmp
2026-05-15T21:25:24.696393848Z	  % Total    % Received % Xferd  Average Speed   Time    Time     Time  Current
2026-05-15T21:25:24.696470236Z	                                 Dload  Upload   Total   Spent    Left  Speed
2026-05-15T21:25:24.696701982Z	
2026-05-15T21:25:24.832726315Z	  0     0    0     0    0     0      0      0 --:--:-- --:--:-- --:--:--     0
2026-05-15T21:25:24.832885954Z	  0     0    0     0    0     0      0      0 --:--:-- --:--:-- --:--:--     0
2026-05-15T21:25:25.357250338Z	
2026-05-15T21:25:25.357398732Z	100 3329k    0 3329k    0     0  5717k      0 --:--:-- --:--:-- --:--:-- 5717k
2026-05-15T21:25:25.357630729Z	shasum -a 256 -c <<< '29abc44f8ebee013bb2f9fe14d80b30db19b534c679056e4851ceadf5a5e8bf6  .cache/headers/mpv.tar.gz.tmp'
2026-05-15T21:25:25.357675705Z	.cache/headers/mpv.tar.gz.tmp: OK
2026-05-15T21:25:25.357737101Z	mv .cache/headers/mpv.tar.gz.tmp .cache/headers/mpv-v0.36.0.tar.gz
2026-05-15T21:25:25.357768499Z	touch .cache/headers/mpv-v0.36.0.tar.gz
2026-05-15T21:25:25.357821902Z	rm -f .cache/headers/mpv.tar.gz
2026-05-15T21:25:25.358592154Z	ln -s mpv-v0.36.0.tar.gz .cache/headers/mpv.tar.gz
2026-05-15T21:25:25.358775529Z	mkdir -p /Users/local/.pub-cache/hosted/pub.dev/media_kit_video-2.0.1/ios/Headers/mpv
2026-05-15T21:25:25.358942646Z	tar  -xvf .cache/headers/mpv.tar.gz --strip-components 2 -C /Users/local/.pub-cache/hosted/pub.dev/media_kit_video-2.0.1/ios/Headers/mpv/ 'mpv-*/libmpv/*.h'
2026-05-15T21:25:25.376123553Z	x client.h
2026-05-15T21:25:25.376226102Z	x render.h
2026-05-15T21:25:25.376517457Z	x render_gl.h
2026-05-15T21:25:25.376572935Z	x stream_cb.h
2026-05-15T21:25:25.385182945Z	touch /Users/local/.pub-cache/hosted/pub.dev/media_kit_video-2.0.1/ios/Headers/mpv/*.h
2026-05-15T21:25:25.420550184Z	media_kit: INFO: package:media_kit_libs_ios_video found
2026-05-15T21:25:57.504949735Z	Downloading dependencies
2026-05-15T21:25:57.505159350Z	Installing AppAuth (2.0.0)
2026-05-15T21:25:59.540970029Z	Installing AppCheckCore (11.2.0)
2026-05-15T21:26:00.581282092Z	Installing CwlCatchException (2.2.1)
2026-05-15T21:26:01.106625680Z	Installing CwlCatchExceptionSupport (2.2.1)
2026-05-15T21:26:02.145481987Z	Installing Firebase (12.8.0)
2026-05-15T21:26:10.195483896Z	Installing FirebaseAppCheckInterop (12.8.0)
2026-05-15T21:26:18.249682156Z	Installing FirebaseAuth (12.8.0)
2026-05-15T21:26:26.298661857Z	Installing FirebaseAuthInterop (12.8.0)
2026-05-15T21:26:34.446738607Z	Installing FirebaseCore (12.8.0)
2026-05-15T21:26:41.493108594Z	Installing FirebaseCoreExtension (12.8.0)
2026-05-15T21:26:48.535286719Z	Installing FirebaseCoreInternal (12.8.0)
2026-05-15T21:26:55.583249706Z	Installing FirebaseCrashlytics (12.8.0)
2026-05-15T21:27:03.628454425Z	Installing FirebaseInstallations (12.8.0)
2026-05-15T21:27:11.671226732Z	Installing FirebaseMessaging (12.8.0)
2026-05-15T21:27:18.711057694Z	Installing FirebaseRemoteConfigInterop (12.8.0)
2026-05-15T21:27:26.759988640Z	Installing FirebaseSessions (12.8.0)
2026-05-15T21:27:34.800185236Z	Installing Flutter (1.0.0)
2026-05-15T21:27:34.800333430Z	Installing GTMAppAuth (5.0.0)
2026-05-15T21:27:35.834122529Z	Installing GTMSessionFetcher (3.5.0)
2026-05-15T21:27:37.871265139Z	Installing Google-Mobile-Ads-SDK (12.14.0)
2026-05-15T21:27:38.388474458Z	Installing GoogleDataTransport (10.1.0)
2026-05-15T21:27:40.428146289Z	Installing GoogleSignIn (9.1.0)
2026-05-15T21:27:41.465464965Z	Installing GoogleUserMessagingPlatform (3.1.0)
2026-05-15T21:27:41.988529824Z	Installing GoogleUtilities (8.1.0)
2026-05-15T21:27:44.026018603Z	Installing OrderedSet (6.0.3)
2026-05-15T21:27:44.157876164Z	Installing PromisesObjC (2.4.0)
2026-05-15T21:27:46.192496793Z	Installing PromisesSwift (2.4.0)
2026-05-15T21:27:46.451449223Z	Installing Protobuf (5.34.1)
2026-05-15T21:27:54.498324382Z	Installing PurchasesHybridCommon (17.31.0)
2026-05-15T21:27:56.537711105Z	Installing RecaptchaInterop (101.0.0)
2026-05-15T21:27:56.606689636Z	Installing RevenueCat (5.57.0)
2026-05-15T21:28:04.656561478Z	Installing ScreenProtectorKit (1.5.1)
2026-05-15T21:28:04.917728502Z	Installing Stripe (25.0.1)
2026-05-15T21:28:20.989917158Z	Installing StripeApplePay (25.0.1)
2026-05-15T21:28:38.057505206Z	Installing StripeCore (25.0.1)
2026-05-15T21:28:56.113966771Z	Installing StripeFinancialConnections (25.0.1)
2026-05-15T21:29:12.179661215Z	Installing StripePaymentSheet (25.0.1)
2026-05-15T21:29:29.241806782Z	Installing StripePayments (25.0.1)
2026-05-15T21:29:50.310364930Z	Installing StripePaymentsUI (25.0.1)
2026-05-15T21:30:06.370082965Z	Installing StripeUICore (25.0.1)
2026-05-15T21:30:25.438219981Z	Installing audio_session (0.0.1)
2026-05-15T21:30:25.438465080Z	Installing connectivity_plus (0.0.1)
2026-05-15T21:30:25.439249728Z	Installing device_info_plus (0.0.1)
2026-05-15T21:30:25.439342984Z	Installing firebase_auth (6.1.4)
2026-05-15T21:30:25.439605160Z	Installing firebase_core (4.4.0)
2026-05-15T21:30:25.439670464Z	Installing firebase_crashlytics (5.0.7)
2026-05-15T21:30:25.439797113Z	Installing firebase_messaging (16.1.1)
2026-05-15T21:30:25.439828341Z	Installing flutter_chrome_cast (1.4.1)
2026-05-15T21:30:25.440234459Z	Installing flutter_custom_tabs_ios (2.4.1)
2026-05-15T21:30:25.440265936Z	Installing flutter_inappwebview_ios (0.0.1)
2026-05-15T21:30:25.440312997Z	Installing flutter_local_notifications (0.0.1)
2026-05-15T21:30:25.440340987Z	Installing flutter_paystack (0.0.1)
2026-05-15T21:30:25.440400067Z	Installing flutter_secure_storage (6.0.0)
2026-05-15T21:30:25.440430605Z	Installing fluttertoast (0.0.2)
2026-05-15T21:30:25.440545593Z	Installing google-cast-sdk (4.8.4)
2026-05-15T21:30:31.472856273Z	Installing google_mobile_ads (7.0.0)
2026-05-15T21:30:31.473000421Z	Installing google_sign_in_ios (0.0.1)
2026-05-15T21:30:31.473355588Z	Installing image_picker_ios (0.0.1)
2026-05-15T21:30:31.473424419Z	Installing just_audio (0.0.1)
2026-05-15T21:30:31.473591461Z	Installing media_kit_libs_ios_video (1.0.4)
2026-05-15T21:30:31.473637311Z	Installing media_kit_video (0.0.1)
2026-05-15T21:30:31.473812686Z	Installing mobile_scanner (7.0.0)
2026-05-15T21:30:31.473993516Z	Installing nanopb (3.30910.0)
2026-05-15T21:30:33.508260093Z	Installing nb_utils (0.0.1)
2026-05-15T21:30:33.508396061Z	Installing open_file_ios (1.0.3)
2026-05-15T21:30:33.508853904Z	Installing package_info_plus (0.4.5)
2026-05-15T21:30:33.508917548Z	Installing path_provider_foundation (0.0.1)
2026-05-15T21:30:33.509127948Z	Installing permission_handler_apple (9.3.0)
2026-05-15T21:30:33.509186545Z	Installing purchases_flutter (9.11.0)
2026-05-15T21:30:33.509334260Z	Installing razorpay-core-pod (1.0.6)
2026-05-15T21:30:49.580257177Z	Installing razorpay-pod (1.5.3)
2026-05-15T21:32:02.218115180Z	Installing razorpay_flutter (1.1.10)
2026-05-15T21:32:02.218316070Z	Installing screen_protector (1.5.1)
2026-05-15T21:32:02.218691115Z	Installing share_plus (0.0.1)
2026-05-15T21:32:02.218758449Z	Installing shared_preferences_foundation (0.0.1)
2026-05-15T21:32:02.219959822Z	Installing speech_to_text (7.2.0)
2026-05-15T21:32:02.220411822Z	Installing sqflite_darwin (0.0.4)
2026-05-15T21:32:02.220688773Z	Installing stripe_ios (0.0.1)
2026-05-15T21:32:02.220767480Z	Installing the_apple_sign_in (1.0.0)
2026-05-15T21:32:02.220976395Z	Installing url_launcher_ios (0.0.1)
2026-05-15T21:32:02.221074255Z	Installing video_player_avfoundation (0.0.1)
2026-05-15T21:32:02.221197296Z	Installing wakelock_plus (0.0.1)
2026-05-15T21:32:02.221231630Z	Installing webview_flutter_wkwebview (0.0.1)
2026-05-15T21:32:02.221288933Z	Generating Pods project
2026-05-15T21:32:02.221322394Z	Integrating client project
2026-05-15T21:32:02.221377972Z	Pod installation complete! There are 40 dependencies from the Podfile and 83 total pods installed.
2026-05-15T21:32:02.221407738Z	
2026-05-15T21:32:02.224455351Z	[!] CocoaPods did not set the base configuration of your project because your project already has a custom config set. In order for CocoaPods integration to work at all, please either set the base configurations of the target `Runner` to `Target Support Files/Pods-Runner/Pods-Runner.profile.xcconfig` or include the `Target Support Files/Pods-Runner/Pods-Runner.profile.xcconfig` in your build configuration (`Flutter/Release.xcconfig`).
2026-05-15T21:32:02.224522619Z	=== ci_post_clone.sh completed successfully ===
